#! /usr/local/Cellar/icarus-verilog/12.0/bin/vvp
:ivl_version "12.0 (stable)";
:ivl_delay_selection "TYPICAL";
:vpi_time_precision + 0;
:vpi_module "/usr/local/Cellar/icarus-verilog/12.0/lib/ivl/system.vpi";
:vpi_module "/usr/local/Cellar/icarus-verilog/12.0/lib/ivl/vhdl_sys.vpi";
:vpi_module "/usr/local/Cellar/icarus-verilog/12.0/lib/ivl/vhdl_textio.vpi";
:vpi_module "/usr/local/Cellar/icarus-verilog/12.0/lib/ivl/v2005_math.vpi";
:vpi_module "/usr/local/Cellar/icarus-verilog/12.0/lib/ivl/va_math.vpi";
S_0x7fc89a110500 .scope module, "testbench" "testbench" 2 1;
 .timescale 0 0;
v0x600003c8bb10_0 .var "A", 7 0;
v0x600003c8b2a0_0 .var "B", 7 0;
v0x600003c8aa30_0 .net "Y", 7 0, L_0x600003f805a0;  1 drivers
v0x600003c8a1c0_0 .var "carry_in", 0 0;
v0x600003c89950_0 .net "carry_out", 0 0, L_0x600003f806e0;  1 drivers
S_0x7fc89a1108d0 .scope module, "adder" "Adder" 2 8, 3 30 0, S_0x7fc89a110500;
 .timescale 0 0;
    .port_info 0 /INPUT 8 "A";
    .port_info 1 /INPUT 8 "B";
    .port_info 2 /INPUT 1 "carry_in";
    .port_info 3 /OUTPUT 8 "Y";
    .port_info 4 /OUTPUT 1 "carry_out";
v0x600003c8b330_0 .net "A", 7 0, v0x600003c8bb10_0;  1 drivers
v0x600003c8aac0_0 .net "B", 7 0, v0x600003c8b2a0_0;  1 drivers
v0x600003c8a250_0 .net "Y", 7 0, L_0x600003f805a0;  alias, 1 drivers
v0x600003c899e0_0 .net "carry", 7 0, L_0x600003f80640;  1 drivers
v0x600003c89170_0 .net "carry_in", 0 0, v0x600003c8a1c0_0;  1 drivers
v0x600003c88900_0 .net "carry_out", 0 0, L_0x600003f806e0;  alias, 1 drivers
L_0x600003f88000 .part v0x600003c8bb10_0, 0, 1;
L_0x600003f880a0 .part v0x600003c8b2a0_0, 0, 1;
L_0x600003f8c000 .part v0x600003c8bb10_0, 1, 1;
L_0x600003f8c0a0 .part v0x600003c8b2a0_0, 1, 1;
L_0x600003f8c140 .part L_0x600003f80640, 0, 1;
L_0x600003f8c1e0 .part v0x600003c8bb10_0, 2, 1;
L_0x600003f8c280 .part v0x600003c8b2a0_0, 2, 1;
L_0x600003f8c320 .part L_0x600003f80640, 1, 1;
L_0x600003f8c3c0 .part v0x600003c8bb10_0, 3, 1;
L_0x600003f8c460 .part v0x600003c8b2a0_0, 3, 1;
L_0x600003f8c500 .part L_0x600003f80640, 2, 1;
L_0x600003f8c5a0 .part v0x600003c8bb10_0, 4, 1;
L_0x600003f8c640 .part v0x600003c8b2a0_0, 4, 1;
L_0x600003f8c6e0 .part L_0x600003f80640, 3, 1;
L_0x600003f80000 .part v0x600003c8bb10_0, 5, 1;
L_0x600003f800a0 .part v0x600003c8b2a0_0, 5, 1;
L_0x600003f80140 .part L_0x600003f80640, 4, 1;
L_0x600003f801e0 .part v0x600003c8bb10_0, 6, 1;
L_0x600003f80280 .part v0x600003c8b2a0_0, 6, 1;
L_0x600003f803c0 .part L_0x600003f80640, 5, 1;
L_0x600003f80460 .part v0x600003c8bb10_0, 7, 1;
L_0x600003f80320 .part v0x600003c8b2a0_0, 7, 1;
L_0x600003f80500 .part L_0x600003f80640, 6, 1;
LS_0x600003f805a0_0_0 .concat8 [ 1 1 1 1], L_0x60000258ab50, L_0x6000025842a0, L_0x600002584700, L_0x600002584b60;
LS_0x600003f805a0_0_4 .concat8 [ 1 1 1 1], L_0x600002584fc0, L_0x6000025801c0, L_0x600002580620, L_0x600002580a80;
L_0x600003f805a0 .concat8 [ 4 4 0 0], LS_0x600003f805a0_0_0, LS_0x600003f805a0_0_4;
LS_0x600003f80640_0_0 .concat8 [ 1 1 1 1], L_0x60000258a920, L_0x600002584070, L_0x6000025844d0, L_0x600002584930;
LS_0x600003f80640_0_4 .concat8 [ 1 1 1 1], L_0x600002584d90, L_0x600002585260, L_0x6000025803f0, L_0x600002580850;
L_0x600003f80640 .concat8 [ 4 4 0 0], LS_0x600003f80640_0_0, LS_0x600003f80640_0_4;
L_0x600003f806e0 .part L_0x600003f80640, 7, 1;
S_0x7fc89a110a40 .scope module, "add0" "FAdder" 3 39, 3 17 0, S_0x7fc89a1108d0;
 .timescale 0 0;
    .port_info 0 /INPUT 1 "A";
    .port_info 1 /INPUT 1 "B";
    .port_info 2 /INPUT 1 "C";
    .port_info 3 /OUTPUT 1 "Y";
    .port_info 4 /OUTPUT 1 "C1";
L_0x60000258a760 .functor AND 1, L_0x600003f88000, L_0x600003f880a0, C4<1>, C4<1>;
L_0x60000258a7d0 .functor AND 1, L_0x600003f880a0, v0x600003c8a1c0_0, C4<1>, C4<1>;
L_0x60000258a840 .functor OR 1, L_0x60000258a760, L_0x60000258a7d0, C4<0>, C4<0>;
L_0x60000258a8b0 .functor AND 1, v0x600003c8a1c0_0, L_0x600003f88000, C4<1>, C4<1>;
L_0x60000258a920 .functor OR 1, L_0x60000258a840, L_0x60000258a8b0, C4<0>, C4<0>;
L_0x60000258a990 .functor OR 1, L_0x600003f88000, L_0x600003f880a0, C4<0>, C4<0>;
L_0x60000258aa00 .functor OR 1, L_0x60000258a990, v0x600003c8a1c0_0, C4<0>, C4<0>;
L_0x60000258aa70 .functor XOR 1, L_0x600003f88000, L_0x600003f880a0, C4<0>, C4<0>;
L_0x60000258aae0 .functor XOR 1, L_0x60000258aa70, v0x600003c8a1c0_0, C4<0>, C4<0>;
L_0x60000258ab50 .functor AND 1, L_0x60000258aa00, L_0x60000258aae0, C4<1>, C4<1>;
v0x600003c8c5a0_0 .net "A", 0 0, L_0x600003f88000;  1 drivers
v0x600003c8c630_0 .net "B", 0 0, L_0x600003f880a0;  1 drivers
v0x600003c8c6c0_0 .net "C", 0 0, v0x600003c8a1c0_0;  alias, 1 drivers
v0x600003c8c750_0 .net "C1", 0 0, L_0x60000258a920;  1 drivers
v0x600003c8c7e0_0 .net "Y", 0 0, L_0x60000258ab50;  1 drivers
v0x600003c8c870_0 .net *"_ivl_0", 0 0, L_0x60000258a760;  1 drivers
v0x600003c8c900_0 .net *"_ivl_10", 0 0, L_0x60000258a990;  1 drivers
v0x600003c8c990_0 .net *"_ivl_12", 0 0, L_0x60000258aa00;  1 drivers
v0x600003c8ca20_0 .net *"_ivl_14", 0 0, L_0x60000258aa70;  1 drivers
v0x600003c8cab0_0 .net *"_ivl_16", 0 0, L_0x60000258aae0;  1 drivers
v0x600003c8cb40_0 .net *"_ivl_2", 0 0, L_0x60000258a7d0;  1 drivers
v0x600003c8cbd0_0 .net *"_ivl_4", 0 0, L_0x60000258a840;  1 drivers
v0x600003c8cc60_0 .net *"_ivl_6", 0 0, L_0x60000258a8b0;  1 drivers
S_0x7fc89a10fc40 .scope module, "add1" "FAdder" 3 40, 3 17 0, S_0x7fc89a1108d0;
 .timescale 0 0;
    .port_info 0 /INPUT 1 "A";
    .port_info 1 /INPUT 1 "B";
    .port_info 2 /INPUT 1 "C";
    .port_info 3 /OUTPUT 1 "Y";
    .port_info 4 /OUTPUT 1 "C1";
L_0x60000258abc0 .functor AND 1, L_0x600003f8c000, L_0x600003f8c0a0, C4<1>, C4<1>;
L_0x60000258ac30 .functor AND 1, L_0x600003f8c0a0, L_0x600003f8c140, C4<1>, C4<1>;
L_0x60000258aca0 .functor OR 1, L_0x60000258abc0, L_0x60000258ac30, C4<0>, C4<0>;
L_0x600002584000 .functor AND 1, L_0x600003f8c140, L_0x600003f8c000, C4<1>, C4<1>;
L_0x600002584070 .functor OR 1, L_0x60000258aca0, L_0x600002584000, C4<0>, C4<0>;
L_0x6000025840e0 .functor OR 1, L_0x600003f8c000, L_0x600003f8c0a0, C4<0>, C4<0>;
L_0x600002584150 .functor OR 1, L_0x6000025840e0, L_0x600003f8c140, C4<0>, C4<0>;
L_0x6000025841c0 .functor XOR 1, L_0x600003f8c000, L_0x600003f8c0a0, C4<0>, C4<0>;
L_0x600002584230 .functor XOR 1, L_0x6000025841c0, L_0x600003f8c140, C4<0>, C4<0>;
L_0x6000025842a0 .functor AND 1, L_0x600002584150, L_0x600002584230, C4<1>, C4<1>;
v0x600003c8ccf0_0 .net "A", 0 0, L_0x600003f8c000;  1 drivers
v0x600003c8cd80_0 .net "B", 0 0, L_0x600003f8c0a0;  1 drivers
v0x600003c8ce10_0 .net "C", 0 0, L_0x600003f8c140;  1 drivers
v0x600003c8cea0_0 .net "C1", 0 0, L_0x600002584070;  1 drivers
v0x600003c8cf30_0 .net "Y", 0 0, L_0x6000025842a0;  1 drivers
v0x600003c8cfc0_0 .net *"_ivl_0", 0 0, L_0x60000258abc0;  1 drivers
v0x600003c8d050_0 .net *"_ivl_10", 0 0, L_0x6000025840e0;  1 drivers
v0x600003c8d0e0_0 .net *"_ivl_12", 0 0, L_0x600002584150;  1 drivers
v0x600003c8d170_0 .net *"_ivl_14", 0 0, L_0x6000025841c0;  1 drivers
v0x600003c8d200_0 .net *"_ivl_16", 0 0, L_0x600002584230;  1 drivers
v0x600003c8d290_0 .net *"_ivl_2", 0 0, L_0x60000258ac30;  1 drivers
v0x600003c8d320_0 .net *"_ivl_4", 0 0, L_0x60000258aca0;  1 drivers
v0x600003c8d3b0_0 .net *"_ivl_6", 0 0, L_0x600002584000;  1 drivers
S_0x7fc89a10fdb0 .scope module, "add2" "FAdder" 3 41, 3 17 0, S_0x7fc89a1108d0;
 .timescale 0 0;
    .port_info 0 /INPUT 1 "A";
    .port_info 1 /INPUT 1 "B";
    .port_info 2 /INPUT 1 "C";
    .port_info 3 /OUTPUT 1 "Y";
    .port_info 4 /OUTPUT 1 "C1";
L_0x600002584310 .functor AND 1, L_0x600003f8c1e0, L_0x600003f8c280, C4<1>, C4<1>;
L_0x600002584380 .functor AND 1, L_0x600003f8c280, L_0x600003f8c320, C4<1>, C4<1>;
L_0x6000025843f0 .functor OR 1, L_0x600002584310, L_0x600002584380, C4<0>, C4<0>;
L_0x600002584460 .functor AND 1, L_0x600003f8c320, L_0x600003f8c1e0, C4<1>, C4<1>;
L_0x6000025844d0 .functor OR 1, L_0x6000025843f0, L_0x600002584460, C4<0>, C4<0>;
L_0x600002584540 .functor OR 1, L_0x600003f8c1e0, L_0x600003f8c280, C4<0>, C4<0>;
L_0x6000025845b0 .functor OR 1, L_0x600002584540, L_0x600003f8c320, C4<0>, C4<0>;
L_0x600002584620 .functor XOR 1, L_0x600003f8c1e0, L_0x600003f8c280, C4<0>, C4<0>;
L_0x600002584690 .functor XOR 1, L_0x600002584620, L_0x600003f8c320, C4<0>, C4<0>;
L_0x600002584700 .functor AND 1, L_0x6000025845b0, L_0x600002584690, C4<1>, C4<1>;
v0x600003c8d440_0 .net "A", 0 0, L_0x600003f8c1e0;  1 drivers
v0x600003c8d4d0_0 .net "B", 0 0, L_0x600003f8c280;  1 drivers
v0x600003c8d560_0 .net "C", 0 0, L_0x600003f8c320;  1 drivers
v0x600003c8d5f0_0 .net "C1", 0 0, L_0x6000025844d0;  1 drivers
v0x600003c8d680_0 .net "Y", 0 0, L_0x600002584700;  1 drivers
v0x600003c8d710_0 .net *"_ivl_0", 0 0, L_0x600002584310;  1 drivers
v0x600003c8d7a0_0 .net *"_ivl_10", 0 0, L_0x600002584540;  1 drivers
v0x600003c8d830_0 .net *"_ivl_12", 0 0, L_0x6000025845b0;  1 drivers
v0x600003c8d8c0_0 .net *"_ivl_14", 0 0, L_0x600002584620;  1 drivers
v0x600003c8d950_0 .net *"_ivl_16", 0 0, L_0x600002584690;  1 drivers
v0x600003c8d9e0_0 .net *"_ivl_2", 0 0, L_0x600002584380;  1 drivers
v0x600003c8da70_0 .net *"_ivl_4", 0 0, L_0x6000025843f0;  1 drivers
v0x600003c8db00_0 .net *"_ivl_6", 0 0, L_0x600002584460;  1 drivers
S_0x7fc89a10ff20 .scope module, "add3" "FAdder" 3 42, 3 17 0, S_0x7fc89a1108d0;
 .timescale 0 0;
    .port_info 0 /INPUT 1 "A";
    .port_info 1 /INPUT 1 "B";
    .port_info 2 /INPUT 1 "C";
    .port_info 3 /OUTPUT 1 "Y";
    .port_info 4 /OUTPUT 1 "C1";
L_0x600002584770 .functor AND 1, L_0x600003f8c3c0, L_0x600003f8c460, C4<1>, C4<1>;
L_0x6000025847e0 .functor AND 1, L_0x600003f8c460, L_0x600003f8c500, C4<1>, C4<1>;
L_0x600002584850 .functor OR 1, L_0x600002584770, L_0x6000025847e0, C4<0>, C4<0>;
L_0x6000025848c0 .functor AND 1, L_0x600003f8c500, L_0x600003f8c3c0, C4<1>, C4<1>;
L_0x600002584930 .functor OR 1, L_0x600002584850, L_0x6000025848c0, C4<0>, C4<0>;
L_0x6000025849a0 .functor OR 1, L_0x600003f8c3c0, L_0x600003f8c460, C4<0>, C4<0>;
L_0x600002584a10 .functor OR 1, L_0x6000025849a0, L_0x600003f8c500, C4<0>, C4<0>;
L_0x600002584a80 .functor XOR 1, L_0x600003f8c3c0, L_0x600003f8c460, C4<0>, C4<0>;
L_0x600002584af0 .functor XOR 1, L_0x600002584a80, L_0x600003f8c500, C4<0>, C4<0>;
L_0x600002584b60 .functor AND 1, L_0x600002584a10, L_0x600002584af0, C4<1>, C4<1>;
v0x600003c8db90_0 .net "A", 0 0, L_0x600003f8c3c0;  1 drivers
v0x600003c8dc20_0 .net "B", 0 0, L_0x600003f8c460;  1 drivers
v0x600003c8dcb0_0 .net "C", 0 0, L_0x600003f8c500;  1 drivers
v0x600003c8dd40_0 .net "C1", 0 0, L_0x600002584930;  1 drivers
v0x600003c8ddd0_0 .net "Y", 0 0, L_0x600002584b60;  1 drivers
v0x600003c8de60_0 .net *"_ivl_0", 0 0, L_0x600002584770;  1 drivers
v0x600003c8def0_0 .net *"_ivl_10", 0 0, L_0x6000025849a0;  1 drivers
v0x600003c8df80_0 .net *"_ivl_12", 0 0, L_0x600002584a10;  1 drivers
v0x600003c8e010_0 .net *"_ivl_14", 0 0, L_0x600002584a80;  1 drivers
v0x600003c8e0a0_0 .net *"_ivl_16", 0 0, L_0x600002584af0;  1 drivers
v0x600003c8e130_0 .net *"_ivl_2", 0 0, L_0x6000025847e0;  1 drivers
v0x600003c8e1c0_0 .net *"_ivl_4", 0 0, L_0x600002584850;  1 drivers
v0x600003c8e250_0 .net *"_ivl_6", 0 0, L_0x6000025848c0;  1 drivers
S_0x7fc89a10ec50 .scope module, "add4" "FAdder" 3 43, 3 17 0, S_0x7fc89a1108d0;
 .timescale 0 0;
    .port_info 0 /INPUT 1 "A";
    .port_info 1 /INPUT 1 "B";
    .port_info 2 /INPUT 1 "C";
    .port_info 3 /OUTPUT 1 "Y";
    .port_info 4 /OUTPUT 1 "C1";
L_0x600002584bd0 .functor AND 1, L_0x600003f8c5a0, L_0x600003f8c640, C4<1>, C4<1>;
L_0x600002584c40 .functor AND 1, L_0x600003f8c640, L_0x600003f8c6e0, C4<1>, C4<1>;
L_0x600002584cb0 .functor OR 1, L_0x600002584bd0, L_0x600002584c40, C4<0>, C4<0>;
L_0x600002584d20 .functor AND 1, L_0x600003f8c6e0, L_0x600003f8c5a0, C4<1>, C4<1>;
L_0x600002584d90 .functor OR 1, L_0x600002584cb0, L_0x600002584d20, C4<0>, C4<0>;
L_0x600002584e00 .functor OR 1, L_0x600003f8c5a0, L_0x600003f8c640, C4<0>, C4<0>;
L_0x600002584e70 .functor OR 1, L_0x600002584e00, L_0x600003f8c6e0, C4<0>, C4<0>;
L_0x600002584ee0 .functor XOR 1, L_0x600003f8c5a0, L_0x600003f8c640, C4<0>, C4<0>;
L_0x600002584f50 .functor XOR 1, L_0x600002584ee0, L_0x600003f8c6e0, C4<0>, C4<0>;
L_0x600002584fc0 .functor AND 1, L_0x600002584e70, L_0x600002584f50, C4<1>, C4<1>;
v0x600003c8e2e0_0 .net "A", 0 0, L_0x600003f8c5a0;  1 drivers
v0x600003c8e370_0 .net "B", 0 0, L_0x600003f8c640;  1 drivers
v0x600003c8e400_0 .net "C", 0 0, L_0x600003f8c6e0;  1 drivers
v0x600003c8e490_0 .net "C1", 0 0, L_0x600002584d90;  1 drivers
v0x600003c8e520_0 .net "Y", 0 0, L_0x600002584fc0;  1 drivers
v0x600003c8e5b0_0 .net *"_ivl_0", 0 0, L_0x600002584bd0;  1 drivers
v0x600003c8e640_0 .net *"_ivl_10", 0 0, L_0x600002584e00;  1 drivers
v0x600003c8e6d0_0 .net *"_ivl_12", 0 0, L_0x600002584e70;  1 drivers
v0x600003c8e760_0 .net *"_ivl_14", 0 0, L_0x600002584ee0;  1 drivers
v0x600003c8e7f0_0 .net *"_ivl_16", 0 0, L_0x600002584f50;  1 drivers
v0x600003c8e880_0 .net *"_ivl_2", 0 0, L_0x600002584c40;  1 drivers
v0x600003c8e910_0 .net *"_ivl_4", 0 0, L_0x600002584cb0;  1 drivers
v0x600003c8e9a0_0 .net *"_ivl_6", 0 0, L_0x600002584d20;  1 drivers
S_0x7fc89a10edc0 .scope module, "add5" "FAdder" 3 44, 3 17 0, S_0x7fc89a1108d0;
 .timescale 0 0;
    .port_info 0 /INPUT 1 "A";
    .port_info 1 /INPUT 1 "B";
    .port_info 2 /INPUT 1 "C";
    .port_info 3 /OUTPUT 1 "Y";
    .port_info 4 /OUTPUT 1 "C1";
L_0x6000025850a0 .functor AND 1, L_0x600003f80000, L_0x600003f800a0, C4<1>, C4<1>;
L_0x600002585110 .functor AND 1, L_0x600003f800a0, L_0x600003f80140, C4<1>, C4<1>;
L_0x600002585180 .functor OR 1, L_0x6000025850a0, L_0x600002585110, C4<0>, C4<0>;
L_0x6000025851f0 .functor AND 1, L_0x600003f80140, L_0x600003f80000, C4<1>, C4<1>;
L_0x600002585260 .functor OR 1, L_0x600002585180, L_0x6000025851f0, C4<0>, C4<0>;
L_0x6000025852d0 .functor OR 1, L_0x600003f80000, L_0x600003f800a0, C4<0>, C4<0>;
L_0x600002580070 .functor OR 1, L_0x6000025852d0, L_0x600003f80140, C4<0>, C4<0>;
L_0x6000025800e0 .functor XOR 1, L_0x600003f80000, L_0x600003f800a0, C4<0>, C4<0>;
L_0x600002580150 .functor XOR 1, L_0x6000025800e0, L_0x600003f80140, C4<0>, C4<0>;
L_0x6000025801c0 .functor AND 1, L_0x600002580070, L_0x600002580150, C4<1>, C4<1>;
v0x600003c8ea30_0 .net "A", 0 0, L_0x600003f80000;  1 drivers
v0x600003c8eac0_0 .net "B", 0 0, L_0x600003f800a0;  1 drivers
v0x600003c8eb50_0 .net "C", 0 0, L_0x600003f80140;  1 drivers
v0x600003c8ebe0_0 .net "C1", 0 0, L_0x600002585260;  1 drivers
v0x600003c8ec70_0 .net "Y", 0 0, L_0x6000025801c0;  1 drivers
v0x600003c8ed00_0 .net *"_ivl_0", 0 0, L_0x6000025850a0;  1 drivers
v0x600003c8ed90_0 .net *"_ivl_10", 0 0, L_0x6000025852d0;  1 drivers
v0x600003c8ee20_0 .net *"_ivl_12", 0 0, L_0x600002580070;  1 drivers
v0x600003c8eeb0_0 .net *"_ivl_14", 0 0, L_0x6000025800e0;  1 drivers
v0x600003c8ef40_0 .net *"_ivl_16", 0 0, L_0x600002580150;  1 drivers
v0x600003c8efd0_0 .net *"_ivl_2", 0 0, L_0x600002585110;  1 drivers
v0x600003c8f060_0 .net *"_ivl_4", 0 0, L_0x600002585180;  1 drivers
v0x600003c8f0f0_0 .net *"_ivl_6", 0 0, L_0x6000025851f0;  1 drivers
S_0x7fc89a10ef30 .scope module, "add6" "FAdder" 3 45, 3 17 0, S_0x7fc89a1108d0;
 .timescale 0 0;
    .port_info 0 /INPUT 1 "A";
    .port_info 1 /INPUT 1 "B";
    .port_info 2 /INPUT 1 "C";
    .port_info 3 /OUTPUT 1 "Y";
    .port_info 4 /OUTPUT 1 "C1";
L_0x600002580230 .functor AND 1, L_0x600003f801e0, L_0x600003f80280, C4<1>, C4<1>;
L_0x6000025802a0 .functor AND 1, L_0x600003f80280, L_0x600003f803c0, C4<1>, C4<1>;
L_0x600002580310 .functor OR 1, L_0x600002580230, L_0x6000025802a0, C4<0>, C4<0>;
L_0x600002580380 .functor AND 1, L_0x600003f803c0, L_0x600003f801e0, C4<1>, C4<1>;
L_0x6000025803f0 .functor OR 1, L_0x600002580310, L_0x600002580380, C4<0>, C4<0>;
L_0x600002580460 .functor OR 1, L_0x600003f801e0, L_0x600003f80280, C4<0>, C4<0>;
L_0x6000025804d0 .functor OR 1, L_0x600002580460, L_0x600003f803c0, C4<0>, C4<0>;
L_0x600002580540 .functor XOR 1, L_0x600003f801e0, L_0x600003f80280, C4<0>, C4<0>;
L_0x6000025805b0 .functor XOR 1, L_0x600002580540, L_0x600003f803c0, C4<0>, C4<0>;
L_0x600002580620 .functor AND 1, L_0x6000025804d0, L_0x6000025805b0, C4<1>, C4<1>;
v0x600003c8f180_0 .net "A", 0 0, L_0x600003f801e0;  1 drivers
v0x600003c8f210_0 .net "B", 0 0, L_0x600003f80280;  1 drivers
v0x600003c8f2a0_0 .net "C", 0 0, L_0x600003f803c0;  1 drivers
v0x600003c8f330_0 .net "C1", 0 0, L_0x6000025803f0;  1 drivers
v0x600003c8f3c0_0 .net "Y", 0 0, L_0x600002580620;  1 drivers
v0x600003c8f450_0 .net *"_ivl_0", 0 0, L_0x600002580230;  1 drivers
v0x600003c8f4e0_0 .net *"_ivl_10", 0 0, L_0x600002580460;  1 drivers
v0x600003c8f570_0 .net *"_ivl_12", 0 0, L_0x6000025804d0;  1 drivers
v0x600003c8f600_0 .net *"_ivl_14", 0 0, L_0x600002580540;  1 drivers
v0x600003c8f690_0 .net *"_ivl_16", 0 0, L_0x6000025805b0;  1 drivers
v0x600003c8f720_0 .net *"_ivl_2", 0 0, L_0x6000025802a0;  1 drivers
v0x600003c8f7b0_0 .net *"_ivl_4", 0 0, L_0x600002580310;  1 drivers
v0x600003c8f840_0 .net *"_ivl_6", 0 0, L_0x600002580380;  1 drivers
S_0x7fc89a10f0a0 .scope module, "add7" "FAdder" 3 46, 3 17 0, S_0x7fc89a1108d0;
 .timescale 0 0;
    .port_info 0 /INPUT 1 "A";
    .port_info 1 /INPUT 1 "B";
    .port_info 2 /INPUT 1 "C";
    .port_info 3 /OUTPUT 1 "Y";
    .port_info 4 /OUTPUT 1 "C1";
L_0x600002580690 .functor AND 1, L_0x600003f80460, L_0x600003f80320, C4<1>, C4<1>;
L_0x600002580700 .functor AND 1, L_0x600003f80320, L_0x600003f80500, C4<1>, C4<1>;
L_0x600002580770 .functor OR 1, L_0x600002580690, L_0x600002580700, C4<0>, C4<0>;
L_0x6000025807e0 .functor AND 1, L_0x600003f80500, L_0x600003f80460, C4<1>, C4<1>;
L_0x600002580850 .functor OR 1, L_0x600002580770, L_0x6000025807e0, C4<0>, C4<0>;
L_0x6000025808c0 .functor OR 1, L_0x600003f80460, L_0x600003f80320, C4<0>, C4<0>;
L_0x600002580930 .functor OR 1, L_0x6000025808c0, L_0x600003f80500, C4<0>, C4<0>;
L_0x6000025809a0 .functor XOR 1, L_0x600003f80460, L_0x600003f80320, C4<0>, C4<0>;
L_0x600002580a10 .functor XOR 1, L_0x6000025809a0, L_0x600003f80500, C4<0>, C4<0>;
L_0x600002580a80 .functor AND 1, L_0x600002580930, L_0x600002580a10, C4<1>, C4<1>;
v0x600003c8f8d0_0 .net "A", 0 0, L_0x600003f80460;  1 drivers
v0x600003c8f960_0 .net "B", 0 0, L_0x600003f80320;  1 drivers
v0x600003c8f9f0_0 .net "C", 0 0, L_0x600003f80500;  1 drivers
v0x600003c8fa80_0 .net "C1", 0 0, L_0x600002580850;  1 drivers
v0x600003c8fb10_0 .net "Y", 0 0, L_0x600002580a80;  1 drivers
v0x600003c8fba0_0 .net *"_ivl_0", 0 0, L_0x600002580690;  1 drivers
v0x600003c8fc30_0 .net *"_ivl_10", 0 0, L_0x6000025808c0;  1 drivers
v0x600003c8fcc0_0 .net *"_ivl_12", 0 0, L_0x600002580930;  1 drivers
v0x600003c8fd50_0 .net *"_ivl_14", 0 0, L_0x6000025809a0;  1 drivers
v0x600003c8fde0_0 .net *"_ivl_16", 0 0, L_0x600002580a10;  1 drivers
v0x600003c8fe70_0 .net *"_ivl_2", 0 0, L_0x600002580700;  1 drivers
v0x600003c8ff00_0 .net *"_ivl_4", 0 0, L_0x600002580770;  1 drivers
v0x600003c8bba0_0 .net *"_ivl_6", 0 0, L_0x6000025807e0;  1 drivers
    .scope S_0x7fc89a110500;
T_0 ;
    %vpi_call 2 12 "$dumpfile", "testrun.vcd" {0 0 0};
    %vpi_call 2 13 "$dumpvars", 32'sb00000000000000000000000000000000, S_0x7fc89a110500 {0 0 0};
    %pushi/vec4 94, 0, 8;
    %store/vec4 v0x600003c8bb10_0, 0, 8;
    %pushi/vec4 44, 0, 8;
    %store/vec4 v0x600003c8b2a0_0, 0, 8;
    %pushi/vec4 0, 0, 1;
    %store/vec4 v0x600003c8a1c0_0, 0, 1;
    %delay 5, 0;
    %vpi_call 2 20 "$display", "%d + %d = %d, carry = %b", v0x600003c8bb10_0, v0x600003c8b2a0_0, v0x600003c8aa30_0, v0x600003c89950_0 {0 0 0};
    %pushi/vec4 234, 0, 8;
    %store/vec4 v0x600003c8bb10_0, 0, 8;
    %pushi/vec4 212, 0, 8;
    %store/vec4 v0x600003c8b2a0_0, 0, 8;
    %pushi/vec4 1, 0, 1;
    %store/vec4 v0x600003c8a1c0_0, 0, 1;
    %delay 5, 0;
    %vpi_call 2 27 "$display", "In decimal: %d + %d + 1 = %d, carry = %b", v0x600003c8bb10_0, v0x600003c8b2a0_0, v0x600003c8aa30_0, v0x600003c89950_0 {0 0 0};
    %vpi_call 2 28 "$display", "In binary: %b + %b + 1 = %b, carry = %b", v0x600003c8bb10_0, v0x600003c8b2a0_0, v0x600003c8aa30_0, v0x600003c89950_0 {0 0 0};
    %end;
    .thread T_0;
# The file index is used to find the file name in the following table.
:file_names 4;
    "N/A";
    "<interactive>";
    "test.v";
    "8bitAdder.v";
