#! /usr/local/Cellar/icarus-verilog/12.0/bin/vvp
:ivl_version "12.0 (stable)";
:ivl_delay_selection "TYPICAL";
:vpi_time_precision + 0;
:vpi_module "/usr/local/Cellar/icarus-verilog/12.0/lib/ivl/system.vpi";
:vpi_module "/usr/local/Cellar/icarus-verilog/12.0/lib/ivl/vhdl_sys.vpi";
:vpi_module "/usr/local/Cellar/icarus-verilog/12.0/lib/ivl/vhdl_textio.vpi";
:vpi_module "/usr/local/Cellar/icarus-verilog/12.0/lib/ivl/v2005_math.vpi";
:vpi_module "/usr/local/Cellar/icarus-verilog/12.0/lib/ivl/va_math.vpi";
S_0x7fa318705f20 .scope module, "testbench" "testbench" 2 1;
 .timescale 0 0;
v0x600000fb81b0_0 .var "clear", 0 0;
v0x600000fb8240_0 .var "clock", 0 0;
v0x600000fb82d0_0 .net "count", 3 0, v0x600000fb8120_0;  1 drivers
S_0x7fa318706090 .scope module, "DUT" "Counter" 2 8, 3 1 0, S_0x7fa318705f20;
 .timescale 0 0;
    .port_info 0 /INPUT 1 "clock";
    .port_info 1 /INPUT 1 "clear";
    .port_info 2 /OUTPUT 4 "count";
v0x600000fb8000_0 .net "clear", 0 0, v0x600000fb81b0_0;  1 drivers
v0x600000fb8090_0 .net "clock", 0 0, v0x600000fb8240_0;  1 drivers
v0x600000fb8120_0 .var "count", 3 0;
E_0x6000028b9600 .event posedge, v0x600000fb8090_0;
    .scope S_0x7fa318706090;
T_0 ;
    %wait E_0x6000028b9600;
    %load/vec4 v0x600000fb8000_0;
    %flag_set/vec4 8;
    %jmp/0xz  T_0.0, 8;
    %pushi/vec4 0, 0, 4;
    %store/vec4 v0x600000fb8120_0, 0, 4;
    %jmp T_0.1;
T_0.0 ;
    %load/vec4 v0x600000fb8120_0;
    %addi 1, 0, 4;
    %store/vec4 v0x600000fb8120_0, 0, 4;
T_0.1 ;
    %jmp T_0;
    .thread T_0;
    .scope S_0x7fa318705f20;
T_1 ;
    %delay 10, 0;
    %load/vec4 v0x600000fb8240_0;
    %inv;
    %store/vec4 v0x600000fb8240_0, 0, 1;
    %jmp T_1;
    .thread T_1;
    .scope S_0x7fa318705f20;
T_2 ;
    %pushi/vec4 0, 0, 1;
    %store/vec4 v0x600000fb8240_0, 0, 1;
    %pushi/vec4 1, 0, 1;
    %store/vec4 v0x600000fb81b0_0, 0, 1;
    %delay 20, 0;
    %pushi/vec4 0, 0, 1;
    %store/vec4 v0x600000fb81b0_0, 0, 1;
    %delay 200, 0;
    %pushi/vec4 1, 0, 1;
    %store/vec4 v0x600000fb81b0_0, 0, 1;
    %delay 20, 0;
    %pushi/vec4 0, 0, 1;
    %store/vec4 v0x600000fb81b0_0, 0, 1;
    %delay 400, 0;
    %vpi_call 2 31 "$finish" {0 0 0};
    %end;
    .thread T_2;
    .scope S_0x7fa318705f20;
T_3 ;
    %vpi_call 2 35 "$monitor", "Time: %t, clear: %b, count: %d", $time, v0x600000fb81b0_0, v0x600000fb82d0_0 {0 0 0};
    %end;
    .thread T_3;
# The file index is used to find the file name in the following table.
:file_names 4;
    "N/A";
    "<interactive>";
    "test.v";
    "4bitCounter.v";
